Fri, 05 Feb 2010 15:43:32 +0000	[2]mysql_connect() [<a href='function.mysql-connect'>function.mysql-connect</a>]: Can't connect to MySQL server on 'localhost' (10061)	\eccore\model\mysql.php	94
Fri, 05 Feb 2010 17:07:57 +0000	[256]MySQL Error[1146]: Table 'dmc091883_db.e_sessions' doesn't exist
MySQL Query:INSERT INTO `e_sessions` SET sesskey = '3be59c930c2d7d298ab193df125b8468', expiry = '1265391117', ip = '', userid = '0', adminid = '0', data = ''
Wrong File:  D:\Tweb\mall3\includes\libraries\session.lib.php[296]	\eccore\model\mysql.php	285
Fri, 05 Feb 2010 17:08:11 +0000	[256]MySQL Error[1146]: Table 'dmc091883_db.e_sessions' doesn't exist
MySQL Query:INSERT INTO `e_sessions` SET sesskey = '99bb01c55cd10cc15b901bc2155bf011', expiry = '1265391131', ip = '', userid = '0', adminid = '0', data = ''
Wrong File:  D:\Tweb\mall3\includes\libraries\session.lib.php[296]	\eccore\model\mysql.php	285
Fri, 05 Feb 2010 17:08:30 +0000	[256]MySQL Error[1146]: Table 'dmc091883_db.e_sessions' doesn't exist
MySQL Query:INSERT INTO `e_sessions` SET sesskey = '8053773606a88db366b15ddcfd34f6c0', expiry = '1265391150', ip = '', userid = '0', adminid = '0', data = ''
Wrong File:  D:\Tweb\mall3\includes\libraries\session.lib.php[296]	\eccore\model\mysql.php	285
Fri, 05 Feb 2010 17:12:27 +0000	[256]MySQL Error[1146]: Table 'dmc091883_db.e_sessions' doesn't exist
MySQL Query:INSERT INTO `e_sessions` SET sesskey = '6847c5f59275375b8665cfa2ef535187', expiry = '1265391387', ip = '', userid = '0', adminid = '0', data = ''
Wrong File:  D:\Tweb\mall3\includes\libraries\session.lib.php[296]	\eccore\model\mysql.php	285
Fri, 05 Feb 2010 17:12:28 +0000	[256]MySQL Error[1146]: Table 'dmc091883_db.e_sessions' doesn't exist
MySQL Query:INSERT INTO `e_sessions` SET sesskey = 'f3da16646dce1d9cd94562d18b78356d', expiry = '1265391388', ip = '', userid = '0', adminid = '0', data = ''
Wrong File:  D:\Tweb\mall3\includes\libraries\session.lib.php[296]	\eccore\model\mysql.php	285
Fri, 05 Feb 2010 17:12:29 +0000	[256]MySQL Error[1146]: Table 'dmc091883_db.e_sessions' doesn't exist
MySQL Query:INSERT INTO `e_sessions` SET sesskey = '41b33a5abda3084b807572686f5959e5', expiry = '1265391389', ip = '', userid = '0', adminid = '0', data = ''
Wrong File:  D:\Tweb\mall3\includes\libraries\session.lib.php[296]	\eccore\model\mysql.php	285
Fri, 05 Feb 2010 17:12:30 +0000	[256]MySQL Error[1146]: Table 'dmc091883_db.e_sessions' doesn't exist
MySQL Query:INSERT INTO `e_sessions` SET sesskey = '6f21cadef72c02b17835f67a9d48e237', expiry = '1265391390', ip = '', userid = '0', adminid = '0', data = ''
Wrong File:  D:\Tweb\mall3\includes\libraries\session.lib.php[296]	\eccore\model\mysql.php	285
Fri, 05 Feb 2010 17:12:31 +0000	[256]MySQL Error[1146]: Table 'dmc091883_db.e_sessions' doesn't exist
MySQL Query:INSERT INTO `e_sessions` SET sesskey = 'b663324386a7dbb6a953bfc2db0ff03b', expiry = '1265391391', ip = '', userid = '0', adminid = '0', data = ''
Wrong File:  D:\Tweb\mall3\includes\libraries\session.lib.php[296]	\eccore\model\mysql.php	285
Fri, 05 Feb 2010 17:12:34 +0000	[256]MySQL Error[1146]: Table 'dmc091883_db.e_sessions' doesn't exist
MySQL Query:INSERT INTO `e_sessions` SET sesskey = '5fc68a1923ec6090196d758093812e1d', expiry = '1265391394', ip = '', userid = '0', adminid = '0', data = ''
Wrong File:  D:\Tweb\mall3\includes\libraries\session.lib.php[296]	\eccore\model\mysql.php	285
Fri, 05 Feb 2010 17:12:36 +0000	[256]MySQL Error[1146]: Table 'dmc091883_db.e_sessions' doesn't exist
MySQL Query:INSERT INTO `e_sessions` SET sesskey = '79f75ae70e37d690fc1eef8b224b7a4a', expiry = '1265391396', ip = '', userid = '0', adminid = '0', data = ''
Wrong File:  D:\Tweb\mall3\includes\libraries\session.lib.php[296]	\eccore\model\mysql.php	285
Fri, 05 Feb 2010 17:12:37 +0000	[256]MySQL Error[1146]: Table 'dmc091883_db.e_sessions' doesn't exist
MySQL Query:INSERT INTO `e_sessions` SET sesskey = '4774c29e69dd1a125452118c10f9b1e6', expiry = '1265391397', ip = '', userid = '0', adminid = '0', data = ''
Wrong File:  D:\Tweb\mall3\includes\libraries\session.lib.php[296]	\eccore\model\mysql.php	285
Fri, 05 Feb 2010 17:13:17 +0000	[256]MySQL Error[1146]: Table 'dmc091883_db.e_sessions' doesn't exist
MySQL Query:INSERT INTO `e_sessions` SET sesskey = '3b070cc67c66641612d7af031d2b0082', expiry = '1265391437', ip = '', userid = '0', adminid = '0', data = ''
Wrong File:  D:\Tweb\mall3\includes\libraries\session.lib.php[296]	\eccore\model\mysql.php	285
Fri, 05 Feb 2010 17:13:18 +0000	[256]MySQL Error[1146]: Table 'dmc091883_db.e_sessions' doesn't exist
MySQL Query:INSERT INTO `e_sessions` SET sesskey = '59992cf6e7b44a520a1503e1fb86f192', expiry = '1265391437', ip = '', userid = '0', adminid = '0', data = ''
Wrong File:  D:\Tweb\mall3\includes\libraries\session.lib.php[296]	\eccore\model\mysql.php	285
Fri, 05 Feb 2010 17:13:18 +0000	[256]MySQL Error[1146]: Table 'dmc091883_db.e_sessions' doesn't exist
MySQL Query:INSERT INTO `e_sessions` SET sesskey = 'e62ba198049b67c059efef45aca0c805', expiry = '1265391438', ip = '', userid = '0', adminid = '0', data = ''
Wrong File:  D:\Tweb\mall3\includes\libraries\session.lib.php[296]	\eccore\model\mysql.php	285
Fri, 05 Feb 2010 17:13:53 +0000	[256]MySQL Error[1146]: Table 'dmc091883_db.e_sessions' doesn't exist
MySQL Query:INSERT INTO `e_sessions` SET sesskey = 'f3888468a159670544a11226c75b1aa9', expiry = '1265391473', ip = '', userid = '0', adminid = '0', data = ''
Wrong File:  D:\Tweb\mall3\includes\libraries\session.lib.php[296]	\eccore\model\mysql.php	285
Fri, 05 Feb 2010 17:13:53 +0000	[256]MySQL Error[1146]: Table 'dmc091883_db.e_sessions' doesn't exist
MySQL Query:INSERT INTO `e_sessions` SET sesskey = '764171c04930184aaa03684c9e7c32ec', expiry = '1265391473', ip = '', userid = '0', adminid = '0', data = ''
Wrong File:  D:\Tweb\mall3\includes\libraries\session.lib.php[296]	\eccore\model\mysql.php	285
Fri, 05 Feb 2010 17:23:43 +0000	[256]MySQL Error[1146]: Table 'ecm.e_sessions' doesn't exist
MySQL Query:INSERT INTO `e_sessions` SET sesskey = '17f49155e9b21e42db8e389d469b5965', expiry = '1265392063', ip = '', userid = '0', adminid = '0', data = ''
Wrong File:  D:\Tweb\mall3\includes\libraries\session.lib.php[296]	\eccore\model\mysql.php	285
Fri, 05 Feb 2010 17:23:45 +0000	[256]MySQL Error[1146]: Table 'ecm.e_sessions' doesn't exist
MySQL Query:INSERT INTO `e_sessions` SET sesskey = 'b5e96d1e07ac5681dfc1bf3cef30b674', expiry = '1265392065', ip = '', userid = '0', adminid = '0', data = ''
Wrong File:  D:\Tweb\mall3\includes\libraries\session.lib.php[296]	\eccore\model\mysql.php	285
Fri, 05 Feb 2010 17:23:45 +0000	[256]MySQL Error[1146]: Table 'ecm.e_sessions' doesn't exist
MySQL Query:INSERT INTO `e_sessions` SET sesskey = '4882c87365fb3a6839dcc22b56c3f8dd', expiry = '1265392065', ip = '', userid = '0', adminid = '0', data = ''
Wrong File:  D:\Tweb\mall3\includes\libraries\session.lib.php[296]	\eccore\model\mysql.php	285
Fri, 05 Feb 2010 17:23:46 +0000	[256]MySQL Error[1146]: Table 'ecm.e_sessions' doesn't exist
MySQL Query:INSERT INTO `e_sessions` SET sesskey = '3c9246833e46d3b95b9bf44cead0ede1', expiry = '1265392066', ip = '', userid = '0', adminid = '0', data = ''
Wrong File:  D:\Tweb\mall3\includes\libraries\session.lib.php[296]	\eccore\model\mysql.php	285
Fri, 05 Feb 2010 17:23:46 +0000	[256]MySQL Error[1146]: Table 'ecm.e_sessions' doesn't exist
MySQL Query:INSERT INTO `e_sessions` SET sesskey = '1d52b28b00b831711c1625c9c9748b90', expiry = '1265392066', ip = '', userid = '0', adminid = '0', data = ''
Wrong File:  D:\Tweb\mall3\includes\libraries\session.lib.php[296]	\eccore\model\mysql.php	285
Fri, 05 Feb 2010 17:23:46 +0000	[256]MySQL Error[1146]: Table 'ecm.e_sessions' doesn't exist
MySQL Query:INSERT INTO `e_sessions` SET sesskey = 'cbcef455fc8c2b31ca9d010b1ca887d5', expiry = '1265392066', ip = '', userid = '0', adminid = '0', data = ''
Wrong File:  D:\Tweb\mall3\includes\libraries\session.lib.php[296]	\eccore\model\mysql.php	285
Fri, 05 Feb 2010 17:23:46 +0000	[256]MySQL Error[1146]: Table 'ecm.e_sessions' doesn't exist
MySQL Query:INSERT INTO `e_sessions` SET sesskey = '2dcc7e8743c6363f04b5ac4a0e3f799d', expiry = '1265392066', ip = '', userid = '0', adminid = '0', data = ''
Wrong File:  D:\Tweb\mall3\includes\libraries\session.lib.php[296]	\eccore\model\mysql.php	285
Sat, 06 Feb 2010 08:49:14 +0000	[2]mysql_connect() [<a href='function.mysql-connect'>function.mysql-connect</a>]: Lost connection to MySQL server at 'reading initial communication packet', system error: 2	\eccore\model\mysql.php	94
Sat, 06 Feb 2010 08:57:42 +0000	[2]mysql_connect() [<a href='function.mysql-connect'>function.mysql-connect</a>]: Lost connection to MySQL server at 'reading initial communication packet', system error: 0	\eccore\model\mysql.php	94
Sat, 06 Feb 2010 09:01:19 +0000	[2]mysql_connect() [<a href='function.mysql-connect'>function.mysql-connect</a>]: Lost connection to MySQL server at 'reading initial communication packet', system error: 0	\eccore\model\mysql.php	94
Sat, 06 Feb 2010 09:02:27 +0000	[2]mysql_connect() [<a href='function.mysql-connect'>function.mysql-connect</a>]: Lost connection to MySQL server at 'reading initial communication packet', system error: 2	\eccore\model\mysql.php	94
Sat, 06 Feb 2010 09:05:15 +0000	[2]mysql_connect() [<a href='function.mysql-connect'>function.mysql-connect</a>]: Lost connection to MySQL server at 'reading initial communication packet', system error: 2	\eccore\model\mysql.php	94
Sat, 06 Feb 2010 09:05:19 +0000	[2]mysql_connect() [<a href='function.mysql-connect'>function.mysql-connect</a>]: Lost connection to MySQL server at 'reading initial communication packet', system error: 2	\eccore\model\mysql.php	94
Sat, 06 Feb 2010 09:06:02 +0000	[2]mysql_connect() [<a href='function.mysql-connect'>function.mysql-connect</a>]: Lost connection to MySQL server at 'reading initial communication packet', system error: 2	\eccore\model\mysql.php	94
Sat, 06 Feb 2010 09:08:48 +0000	[2]mysql_connect() [<a href='function.mysql-connect'>function.mysql-connect</a>]: Lost connection to MySQL server at 'reading initial communication packet', system error: 2	\eccore\model\mysql.php	94
Sat, 06 Feb 2010 09:11:52 +0000	[2]mysql_connect() [<a href='function.mysql-connect'>function.mysql-connect</a>]: Lost connection to MySQL server at 'reading initial communication packet', system error: 2	\eccore\model\mysql.php	94
Sat, 06 Feb 2010 09:13:12 +0000	[2]fsockopen() [<a href='function.fsockopen'>function.fsockopen</a>]: unable to connect to :25 (由于连接方在一段时间后没有正确答复或连接的主机没有反应，连接尝试失败。
)	\includes\libraries\class.smtp.php	89
Sat, 06 Feb 2010 10:00:27 +0000	[2]mysql_connect() [<a href='function.mysql-connect'>function.mysql-connect</a>]: Lost connection to MySQL server at 'reading initial communication packet', system error: 2	\eccore\model\mysql.php	94
Sat, 06 Feb 2010 10:01:25 +0000	[2]mysql_connect() [<a href='function.mysql-connect'>function.mysql-connect</a>]: Lost connection to MySQL server at 'reading initial communication packet', system error: 2	\eccore\model\mysql.php	94
Sat, 06 Feb 2010 10:03:33 +0000	[2]mysql_connect() [<a href='function.mysql-connect'>function.mysql-connect</a>]: Lost connection to MySQL server at 'reading initial communication packet', system error: 2	\eccore\model\mysql.php	94
Sat, 06 Feb 2010 10:06:32 +0000	[2]mysql_connect() [<a href='function.mysql-connect'>function.mysql-connect</a>]: Lost connection to MySQL server at 'reading initial communication packet', system error: 2	\eccore\model\mysql.php	94
Sat, 06 Feb 2010 10:13:20 +0000	[2]mysql_connect() [<a href='function.mysql-connect'>function.mysql-connect</a>]: Lost connection to MySQL server at 'reading initial communication packet', system error: 2	\eccore\model\mysql.php	94
Sat, 06 Feb 2010 10:13:35 +0000	[2]mysql_connect() [<a href='function.mysql-connect'>function.mysql-connect</a>]: Lost connection to MySQL server at 'reading initial communication packet', system error: 2	\eccore\model\mysql.php	94
Sat, 06 Feb 2010 10:14:44 +0000	[2]mysql_connect() [<a href='function.mysql-connect'>function.mysql-connect</a>]: Lost connection to MySQL server at 'reading initial communication packet', system error: 2	\eccore\model\mysql.php	94
Sat, 06 Feb 2010 10:19:21 +0000	[2]mysql_connect() [<a href='function.mysql-connect'>function.mysql-connect</a>]: Lost connection to MySQL server at 'reading initial communication packet', system error: 2	\eccore\model\mysql.php	94
Sat, 06 Feb 2010 10:23:17 +0000	[2]mysql_connect() [<a href='function.mysql-connect'>function.mysql-connect</a>]: Lost connection to MySQL server at 'reading initial communication packet', system error: 2	\eccore\model\mysql.php	94
Sat, 06 Feb 2010 10:23:20 +0000	[2]mysql_connect() [<a href='function.mysql-connect'>function.mysql-connect</a>]: Lost connection to MySQL server at 'reading initial communication packet', system error: 2	\eccore\model\mysql.php	94
Sat, 06 Feb 2010 10:23:33 +0000	[2]mysql_connect() [<a href='function.mysql-connect'>function.mysql-connect</a>]: Lost connection to MySQL server at 'reading initial communication packet', system error: 2	\eccore\model\mysql.php	94
Sat, 06 Feb 2010 10:47:21 +0000	[256]MySQL Error[1054]: Unknown column 'feed_config' in 'field list'
MySQL Query:SELECT email, password, real_name, logins, ugrade, portrait, store_id, state, feed_config,member.user_id FROM ecm_member member LEFT JOIN ecm_store s ON member.user_id=s.store_id WHERE member.user_id = '2'
Wrong File:  D:\Tweb\mall3\eccore\model\mysql.php[533]	\eccore\model\mysql.php	285
Sat, 06 Feb 2010 10:55:49 +0000	[256]MySQL Error[1054]: Unknown column 'g.cate_id_0' in 'where clause'
MySQL Query:SELECT COUNT(*) FROM  ecm_goods g LEFT JOIN ecm_store s ON g.store_id = s.store_id WHERE g.if_show = 1 AND g.closed = 0 AND s.state = 1 AND g.cate_id_0 = '14'
Wrong File:  D:\Tweb\mall3\eccore\model\mysql.php[457]	\eccore\model\mysql.php	285
Sat, 06 Feb 2010 10:55:53 +0000	[256]MySQL Error[1054]: Unknown column 'g.cate_id_0' in 'where clause'
MySQL Query:SELECT COUNT(*) FROM  ecm_goods g LEFT JOIN ecm_store s ON g.store_id = s.store_id WHERE g.if_show = 1 AND g.closed = 0 AND s.state = 1 AND g.cate_id_0 = '9'
Wrong File:  D:\Tweb\mall3\eccore\model\mysql.php[457]	\eccore\model\mysql.php	285
Sat, 06 Feb 2010 10:55:58 +0000	[256]MySQL Error[1054]: Unknown column 'g.cate_id_0' in 'where clause'
MySQL Query:SELECT COUNT(*) FROM  ecm_goods g LEFT JOIN ecm_store s ON g.store_id = s.store_id WHERE g.if_show = 1 AND g.closed = 0 AND s.state = 1 AND g.cate_id_0 = '9'
Wrong File:  D:\Tweb\mall3\eccore\model\mysql.php[457]	\eccore\model\mysql.php	285
Sat, 06 Feb 2010 10:56:03 +0000	[256]MySQL Error[1054]: Unknown column 'g.cate_id_0' in 'where clause'
MySQL Query:SELECT COUNT(*) FROM  ecm_goods g LEFT JOIN ecm_store s ON g.store_id = s.store_id WHERE g.if_show = 1 AND g.closed = 0 AND s.state = 1 AND g.cate_id_0 = '20'
Wrong File:  D:\Tweb\mall3\eccore\model\mysql.php[457]	\eccore\model\mysql.php	285
Sat, 06 Feb 2010 17:15:58 +0000	[256]MySQL Error[1052]: Column 'email' in field list is ambiguous
MySQL Query:SELECT store_id, user_id, user_name, email,s.store_id FROM ecm_store s LEFT JOIN ecm_member member ON s.store_id = member.user_id WHERE state = '1' AND end_time > 0 AND end_time < '1265476558'
Wrong File:  D:\Tweb\mall3\eccore\model\mysql.php[533]	\eccore\model\mysql.php	285
Sat, 06 Feb 2010 17:16:27 +0000	[256]MySQL Error[1052]: Column 'email' in field list is ambiguous
MySQL Query:SELECT store_id, user_id, user_name, email,s.store_id FROM ecm_store s LEFT JOIN ecm_member member ON s.store_id = member.user_id WHERE state = '1' AND end_time > 0 AND end_time < '1265476587'
Wrong File:  D:\Tweb\mall3\eccore\model\mysql.php[533]	\eccore\model\mysql.php	285
