Thu, 11 Mar 2010 13:23:28 +0000	[2]mysql_connect() [<a href='function.mysql-connect'>function.mysql-connect</a>]: Can't connect to MySQL server on 'localhost' (10061)	\eccore\model\mysql.php	94
Sun, 28 Mar 2010 10:39:07 +0000	[2]mysql_connect() [<a href='function.mysql-connect'>function.mysql-connect</a>]: Lost connection to MySQL server at 'reading final connect information', system error: 2	\eccore\model\mysql.php	94
Sun, 28 Mar 2010 11:12:09 +0000	[2]mysql_connect() [<a href='function.mysql-connect'>function.mysql-connect</a>]: Lost connection to MySQL server at 'reading final connect information', system error: 2	\eccore\model\mysql.php	94
Sun, 28 Mar 2010 12:08:16 +0000	[2]include(D:\Tweb\mall3/languages/LANG/common.lang.php) [<a href='function.include'>function.include</a>]: failed to open stream: No such file or directory	\eccore\ecmall.php	223
Sun, 28 Mar 2010 12:08:35 +0000	[2]include(D:\Tweb\mall3/languages/LangRouter/common.lang.php) [<a href='function.include'>function.include</a>]: failed to open stream: No such file or directory	\eccore\ecmall.php	223
Sun, 28 Mar 2010 12:08:37 +0000	[2]include(D:\Tweb\mall3/languages/LangRouter/common.lang.php) [<a href='function.include'>function.include</a>]: failed to open stream: No such file or directory	\eccore\ecmall.php	223
Sun, 28 Mar 2010 12:08:49 +0000	[2]include(D:\Tweb\mall3/languages//common.lang.php) [<a href='function.include'>function.include</a>]: failed to open stream: No such file or directory	\eccore\ecmall.php	223
Sun, 28 Mar 2010 12:08:59 +0000	[2]include(D:\Tweb\mall3/languages//common.lang.php) [<a href='function.include'>function.include</a>]: failed to open stream: No such file or directory	\eccore\ecmall.php	223
Sun, 28 Mar 2010 12:09:10 +0000	[2]include(D:\Tweb\mall3/languages/xx/common.lang.php) [<a href='function.include'>function.include</a>]: failed to open stream: No such file or directory	\eccore\ecmall.php	223
Sun, 28 Mar 2010 12:17:13 +0000	[2]include(D:\Tweb\mall3/languages//common.lang.php) [<a href='function.include'>function.include</a>]: failed to open stream: No such file or directory	\eccore\ecmall.php	223
Sun, 28 Mar 2010 12:17:20 +0000	[2]include(D:\Tweb\mall3/languages//common.lang.php) [<a href='function.include'>function.include</a>]: failed to open stream: No such file or directory	\eccore\ecmall.php	223
Sun, 28 Mar 2010 12:17:40 +0000	[2]include(D:\Tweb\mall3/languages//common.lang.php) [<a href='function.include'>function.include</a>]: failed to open stream: No such file or directory	\eccore\ecmall.php	223
Sun, 28 Mar 2010 12:17:41 +0000	[2]include(D:\Tweb\mall3/languages//common.lang.php) [<a href='function.include'>function.include</a>]: failed to open stream: No such file or directory	\eccore\ecmall.php	223
Sun, 28 Mar 2010 12:30:20 +0000	[2]mysql_connect() [<a href='function.mysql-connect'>function.mysql-connect</a>]: Lost connection to MySQL server at 'reading final connect information', system error: 2	\eccore\model\mysql.php	94
Sun, 28 Mar 2010 12:31:45 +0000	[2]mysql_connect() [<a href='function.mysql-connect'>function.mysql-connect</a>]: Lost connection to MySQL server at 'reading authorization packet', system error: 2	\eccore\model\mysql.php	94
Sun, 28 Mar 2010 12:32:21 +0000	[2]mysql_connect() [<a href='function.mysql-connect'>function.mysql-connect</a>]: Lost connection to MySQL server at 'reading authorization packet', system error: 2	\eccore\model\mysql.php	94
Sun, 28 Mar 2010 12:36:16 +0000	[2]include(D:\Tweb\mall3/languages/cht/common.lang.php) [<a href='function.include'>function.include</a>]: failed to open stream: No such file or directory	\eccore\ecmall.php	223
Sun, 28 Mar 2010 12:36:24 +0000	[2]include(D:\Tweb\mall3/languages/cht/common.lang.php) [<a href='function.include'>function.include</a>]: failed to open stream: No such file or directory	\eccore\ecmall.php	223
Sun, 28 Mar 2010 13:07:04 +0000	[2]include(D:\Tweb\mall3/languages/cht/common.lang.php) [<a href='function.include'>function.include</a>]: failed to open stream: No such file or directory	\eccore\ecmall.php	223
Sun, 28 Mar 2010 13:07:23 +0000	[2]include(D:\Tweb\mall3/languages/cht/common.lang.php) [<a href='function.include'>function.include</a>]: failed to open stream: No such file or directory	\eccore\ecmall.php	223
Sun, 28 Mar 2010 13:09:06 +0000	[2]include(D:\Tweb\mall3/languages/cht/common.lang.php) [<a href='function.include'>function.include</a>]: failed to open stream: No such file or directory	\eccore\ecmall.php	223
Sun, 28 Mar 2010 13:09:31 +0000	[2]include(D:\Tweb\mall3/languages/cht/common.lang.php) [<a href='function.include'>function.include</a>]: failed to open stream: No such file or directory	\eccore\ecmall.php	223
Sun, 28 Mar 2010 13:09:38 +0000	[2]include(D:\Tweb\mall3/languages/cht/common.lang.php) [<a href='function.include'>function.include</a>]: failed to open stream: No such file or directory	\eccore\ecmall.php	223
Sun, 28 Mar 2010 13:10:10 +0000	[2]include(D:\Tweb\mall3/languages/cht/common.lang.php) [<a href='function.include'>function.include</a>]: failed to open stream: No such file or directory	\eccore\ecmall.php	223
Sun, 28 Mar 2010 13:10:12 +0000	[2]include(D:\Tweb\mall3/languages/cht/common.lang.php) [<a href='function.include'>function.include</a>]: failed to open stream: No such file or directory	\eccore\ecmall.php	223
Sun, 28 Mar 2010 13:11:45 +0000	[2]include(D:\Tweb\mall3/languages/cht/common.lang.php) [<a href='function.include'>function.include</a>]: failed to open stream: No such file or directory	\eccore\ecmall.php	223
Sun, 28 Mar 2010 13:11:49 +0000	[2]include(D:\Tweb\mall3/languages/cht/common.lang.php) [<a href='function.include'>function.include</a>]: failed to open stream: No such file or directory	\eccore\ecmall.php	223
Sun, 28 Mar 2010 13:11:50 +0000	[2]include(D:\Tweb\mall3/languages/cht/common.lang.php) [<a href='function.include'>function.include</a>]: failed to open stream: No such file or directory	\eccore\ecmall.php	223
Sun, 28 Mar 2010 13:12:07 +0000	[2]mysql_connect() [<a href='function.mysql-connect'>function.mysql-connect</a>]: Lost connection to MySQL server at 'reading authorization packet', system error: 2	\eccore\model\mysql.php	94
Sun, 28 Mar 2010 13:12:49 +0000	[2]include(D:\Tweb\mall3/includes/passports/default/chs/common.lang.php) [<a href='function.include'>function.include</a>]: failed to open stream: No such file or directory	\eccore\ecmall.php	223
Sun, 28 Mar 2010 13:13:20 +0000	[2]mysql_connect() [<a href='function.mysql-connect'>function.mysql-connect</a>]: Lost connection to MySQL server at 'reading authorization packet', system error: 2	\eccore\model\mysql.php	94
Sun, 28 Mar 2010 13:19:08 +0000	[2]include(D:\Tweb\mall3/includes/passports/default/chs/common.lang.php) [<a href='function.include'>function.include</a>]: failed to open stream: No such file or directory	\eccore\ecmall.php	223
Sun, 28 Mar 2010 13:19:28 +0000	[2]include(D:\Tweb\mall3/includes/passports/default/chs/common.lang.php) [<a href='function.include'>function.include</a>]: failed to open stream: No such file or directory	\eccore\ecmall.php	223
Sun, 28 Mar 2010 13:21:21 +0000	[2]include(D:\Tweb\mall3/includes/passports/default/chs/common.lang.php) [<a href='function.include'>function.include</a>]: failed to open stream: No such file or directory	\eccore\ecmall.php	223
Sun, 28 Mar 2010 13:21:27 +0000	[2]include(D:\Tweb\mall3/includes/passports/default/chs/common.lang.php) [<a href='function.include'>function.include</a>]: failed to open stream: No such file or directory	\eccore\ecmall.php	223
Sun, 28 Mar 2010 13:21:49 +0000	[2]include(D:\Tweb\mall3/includes/passports/default/chs/common.lang.php) [<a href='function.include'>function.include</a>]: failed to open stream: No such file or directory	\eccore\ecmall.php	223
Sun, 28 Mar 2010 13:21:52 +0000	[2]include(D:\Tweb\mall3/includes/passports/default/chs/common.lang.php) [<a href='function.include'>function.include</a>]: failed to open stream: No such file or directory	\eccore\ecmall.php	223
Sun, 28 Mar 2010 14:22:30 +0000	[2]include(D:\Tweb\mall3/external/modules/datacall/languages/chs/common.lang.php) [<a href='function.include'>function.include</a>]: failed to open stream: No such file or directory	\eccore\ecmall.php	223
Sun, 28 Mar 2010 14:22:31 +0000	[2]include(D:\Tweb\mall3/external/modules/datacall/languages/chs/common.lang.php) [<a href='function.include'>function.include</a>]: failed to open stream: No such file or directory	\eccore\ecmall.php	223
Sun, 28 Mar 2010 14:22:33 +0000	[2]include(D:\Tweb\mall3/external/modules/datacall/languages/chs/common.lang.php) [<a href='function.include'>function.include</a>]: failed to open stream: No such file or directory	\eccore\ecmall.php	223
Sun, 28 Mar 2010 14:22:46 +0000	[2]include(D:\Tweb\mall3/external/modules/datacall/languages/chs/common.lang.php) [<a href='function.include'>function.include</a>]: failed to open stream: No such file or directory	\eccore\ecmall.php	223
